{"level":"ERROR","location":"[post_call:85] fyersModel","message":{"API":"/orders/sync","Error":{"code":-50,"message":"takeProfit: Must be greater than or equal to 0.0025","s":"error"}},"timestamp":"2024-06-26 10:19:04,767+0530","service":"FyersAPI"}
{"level":"ERROR","location":"[post_call:85] fyersModel","message":{"API":"/orders/sync","Error":{"code":-50,"message":"stopPrice: Must be greater than or equal to 0.0025","s":"error"}},"timestamp":"2024-06-26 10:40:28,721+0530","service":"FyersAPI"}
{"level":"ERROR","location":"[post_call:85] fyersModel","message":{"API":"/orders/sync","Error":{"code":-50,"message":"stopPrice does not match: 0","s":"error"}},"timestamp":"2024-06-26 11:01:54,578+0530","service":"FyersAPI"}
{"level":"ERROR","location":"[post_call:85] fyersModel","message":{"API":"/orders/sync","Error":{"code":-50,"message":"limitPrice: Must be greater than or equal to 0.0025","s":"error"}},"timestamp":"2024-06-26 11:03:50,534+0530","service":"FyersAPI"}
{"level":"ERROR","location":"[post_call:85] fyersModel","message":{"API":"/orders/sync","Error":{"code":-50,"message":"stopPrice does not match: 0","s":"error"}},"timestamp":"2024-06-26 11:04:04,305+0530","service":"FyersAPI"}
{"level":"ERROR","location":"[post_call:85] fyersModel","message":{"API":"/orders/sync","Error":{"code":-50,"message":"stopPrice does not match: 0","s":"error"}},"timestamp":"2024-06-26 11:04:13,003+0530","service":"FyersAPI"}
{"level":"ERROR","location":"[post_call:85] fyersModel","message":{"API":"/orders/sync","Error":{"code":-50,"message":"stopPrice does not match: 0","s":"error"}},"timestamp":"2024-06-26 11:04:22,447+0530","service":"FyersAPI"}
{"level":"ERROR","location":"[post_call:85] fyersModel","message":{"API":"/orders/sync","Error":{"code":-50,"message":"stopPrice does not match: 0","s":"error"}},"timestamp":"2024-06-26 11:04:35,016+0530","service":"FyersAPI"}
{"level":"ERROR","location":"[post_call:85] fyersModel","message":{"API":"/orders/sync","Error":{"code":-50,"message":"stopPrice does not match: 0","s":"error"}},"timestamp":"2024-06-26 11:04:45,489+0530","service":"FyersAPI"}
{"level":"ERROR","location":"[post_call:85] fyersModel","message":{"API":"/orders/sync","Error":{"code":-50,"message":"stopPrice does not match: 0","s":"error"}},"timestamp":"2024-06-26 11:04:50,590+0530","service":"FyersAPI"}
{"level":"ERROR","location":"[post_call:85] fyersModel","message":{"API":"/orders/sync","Error":{"code":-50,"message":"stopLoss does not match: 0","s":"error"}},"timestamp":"2024-06-26 11:10:48,975+0530","service":"FyersAPI"}
{"level":"ERROR","location":"[post_call:85] fyersModel","message":{"API":"/orders/sync","Error":{"code":-50,"message":"stopLoss: Must be greater than or equal to 0.0025","s":"error"}},"timestamp":"2024-06-26 11:13:41,594+0530","service":"FyersAPI"}
{"level":"ERROR","location":"[post_call:85] fyersModel","message":{"API":"/orders/sync","Error":{"code":-50,"message":"Invalid input","s":"error"}},"timestamp":"2024-06-26 11:17:10,752+0530","service":"FyersAPI"}
{"level":"ERROR","location":"[post_call:85] fyersModel","message":{"API":"/orders/sync","Error":{"code":-50,"message":"stopPrice: Must be greater than or equal to 0.0025","s":"error"}},"timestamp":"2024-06-26 11:22:53,496+0530","service":"FyersAPI"}
{"level":"ERROR","location":"[post_call:85] fyersModel","message":{"API":"/orders/sync","Error":{"code":-50,"message":"stopPrice: Must be greater than or equal to 0.0025","s":"error"}},"timestamp":"2024-06-26 11:23:21,791+0530","service":"FyersAPI"}
{"level":"ERROR","location":"[post_call:85] fyersModel","message":{"API":"/orders/sync","Error":{"code":-50,"message":"stopPrice does not match: 0","s":"error"}},"timestamp":"2024-06-26 11:24:00,490+0530","service":"FyersAPI"}
{"level":"ERROR","location":"[post_call:85] fyersModel","message":{"API":"/orders/sync","Error":{"code":-50,"message":"stopLoss does not match: 0","s":"error"}},"timestamp":"2024-06-26 11:24:00,637+0530","service":"FyersAPI"}
{"level":"ERROR","location":"[post_call:85] fyersModel","message":{"API":"/orders/sync","Error":{"code":-50,"message":"stopPrice: Must be greater than or equal to 0.0025","s":"error"}},"timestamp":"2024-06-26 11:25:40,418+0530","service":"FyersAPI"}
{"level":"ERROR","location":"[post_call:85] fyersModel","message":{"API":"/orders/sync","Error":{"code":-50,"message":"stopLoss does not match: 0","s":"error"}},"timestamp":"2024-06-26 11:25:47,334+0530","service":"FyersAPI"}
{"level":"ERROR","location":"[post_call:85] fyersModel","message":{"API":"/orders/sync","Error":{"code":-50,"message":"stopLoss does not match: 0","s":"error"}},"timestamp":"2024-06-26 11:26:15,506+0530","service":"FyersAPI"}
{"level":"ERROR","location":"[post_call:85] fyersModel","message":{"API":"/orders/sync","Error":{"code":-50,"message":"stopPrice: Must be greater than or equal to 0.0025","s":"error"}},"timestamp":"2024-06-26 11:27:02,347+0530","service":"FyersAPI"}
{"level":"ERROR","location":"[post_call:85] fyersModel","message":{"API":"/orders/sync","Error":{"code":-50,"message":"limitPrice should be greater than stopPrice for side BUY","s":"error"}},"timestamp":"2024-06-26 11:27:34,249+0530","service":"FyersAPI"}
{"level":"ERROR","location":"[post_call:85] fyersModel","message":{"API":"/orders/sync","Error":{"code":-50,"message":"limitPrice should be greater than stopPrice for side BUY","s":"error"}},"timestamp":"2024-06-26 11:29:00,380+0530","service":"FyersAPI"}
{"level":"ERROR","location":"[post_call:85] fyersModel","message":{"API":"/orders/sync","Error":{"code":-50,"message":"stopPrice does not match: 0","s":"error"}},"timestamp":"2024-06-26 11:30:00,739+0530","service":"FyersAPI"}
{"level":"ERROR","location":"[post_call:85] fyersModel","message":{"API":"/orders/sync","Error":{"code":-50,"message":"stopPrice does not match: 0","s":"error"}},"timestamp":"2024-06-26 11:32:29,789+0530","service":"FyersAPI"}
{"level":"ERROR","location":"[post_call:85] fyersModel","message":{"API":"/orders/sync","Error":{"code":-50,"message":"stopPrice does not match: 0","s":"error"}},"timestamp":"2024-06-26 11:33:18,662+0530","service":"FyersAPI"}
{"level":"ERROR","location":"[post_call:85] fyersModel","message":{"API":"/orders/sync","Error":{"code":-50,"message":"stopPrice: Must be greater than or equal to 0.0025","s":"error"}},"timestamp":"2024-06-26 11:35:21,643+0530","service":"FyersAPI"}
{"level":"ERROR","location":"[post_call:85] fyersModel","message":{"API":"/orders/sync","Error":{"code":-50,"message":"stopPrice: Must be greater than or equal to 0.0025","s":"error"}},"timestamp":"2024-06-26 11:36:20,398+0530","service":"FyersAPI"}
{"level":"ERROR","location":"[post_call:85] fyersModel","message":{"API":"/orders/sync","Error":{"code":-50,"message":"stopPrice does not match: 0","s":"error"}},"timestamp":"2024-06-26 11:37:10,412+0530","service":"FyersAPI"}
{"level":"ERROR","location":"[post_call:85] fyersModel","message":{"API":"/orders/sync","Error":{"code":-50,"message":"stopPrice does not match: 0","s":"error"}},"timestamp":"2024-06-26 11:37:40,484+0530","service":"FyersAPI"}
{"level":"ERROR","location":"[post_call:85] fyersModel","message":{"API":"/orders/sync","Error":{"code":-50,"message":"Invalid symbol provided","s":"error"}},"timestamp":"2024-06-26 11:37:40,625+0530","service":"FyersAPI"}
{"level":"ERROR","location":"[post_call:85] fyersModel","message":{"API":"/orders/sync","Error":{"code":-50,"message":"stopPrice does not match: 0","s":"error"}},"timestamp":"2024-06-26 11:39:26,851+0530","service":"FyersAPI"}
{"level":"ERROR","location":"[post_call:85] fyersModel","message":{"API":"/orders/sync","Error":{"code":-50,"message":"Invalid symbol provided","s":"error"}},"timestamp":"2024-06-26 11:39:26,989+0530","service":"FyersAPI"}
{"level":"ERROR","location":"[post_call:85] fyersModel","message":{"API":"/orders/sync","Error":{"code":-50,"message":"stopLoss: Must be greater than or equal to 0.0025","s":"error"}},"timestamp":"2024-06-26 11:40:48,012+0530","service":"FyersAPI"}
{"level":"ERROR","location":"[post_call:85] fyersModel","message":{"API":"/orders/sync","Error":{"code":-50,"message":"stopLoss: Must be greater than or equal to 0.0025","s":"error"}},"timestamp":"2024-06-26 11:41:26,227+0530","service":"FyersAPI"}
{"level":"ERROR","location":"[post_call:85] fyersModel","message":{"API":"/orders/sync","Error":{"code":-50,"message":"stopPrice: Must be greater than or equal to 0.0025","s":"error"}},"timestamp":"2024-06-26 11:41:26,369+0530","service":"FyersAPI"}
{"level":"ERROR","location":"[post_call:85] fyersModel","message":{"API":"/orders/sync","Error":{"code":-50,"message":"stopPrice: Must be greater than or equal to 0.0025","s":"error"}},"timestamp":"2024-06-26 11:41:54,233+0530","service":"FyersAPI"}
{"level":"ERROR","location":"[post_call:85] fyersModel","message":{"API":"/orders/sync","Error":{"code":-50,"message":"stopLoss: Must be greater than or equal to 0.0025","s":"error"}},"timestamp":"2024-06-26 11:42:43,399+0530","service":"FyersAPI"}
{"level":"ERROR","location":"[post_call:85] fyersModel","message":{"API":"/orders/sync","Error":{"code":-50,"message":"stopLoss: Must be greater than or equal to 0.0025","s":"error"}},"timestamp":"2024-06-26 11:43:18,061+0530","service":"FyersAPI"}
{"level":"ERROR","location":"[post_call:85] fyersModel","message":{"API":"/orders/sync","Error":{"code":-50,"message":"Invalid symbol provided","s":"error"}},"timestamp":"2024-06-26 11:44:34,203+0530","service":"FyersAPI"}
{"level":"ERROR","location":"[post_call:85] fyersModel","message":{"API":"/orders/sync","Error":{"code":-50,"message":"Invalid symbol provided","s":"error"}},"timestamp":"2024-06-26 11:49:22,803+0530","service":"FyersAPI"}
{"level":"ERROR","location":"[post_call:85] fyersModel","message":{"API":"/orders/sync","Error":{"code":-50,"message":"Invalid symbol provided","s":"error"}},"timestamp":"2024-06-26 11:50:02,941+0530","service":"FyersAPI"}
{"level":"ERROR","location":"[post_call:85] fyersModel","message":{"API":"/orders/sync","Error":{"code":-50,"message":"Invalid symbol provided","s":"error"}},"timestamp":"2024-06-26 11:54:52,579+0530","service":"FyersAPI"}
{"level":"ERROR","location":"[post_call:85] fyersModel","message":{"API":"/orders/sync","Error":{"code":-50,"message":"limitPrice should be greater than stopPrice for side BUY","s":"error"}},"timestamp":"2024-06-26 11:54:52,744+0530","service":"FyersAPI"}
{"level":"ERROR","location":"[post_call:85] fyersModel","message":{"API":"/orders/sync","Error":{"code":-50,"message":"Invalid symbol provided","s":"error"}},"timestamp":"2024-06-26 11:56:21,874+0530","service":"FyersAPI"}
{"level":"ERROR","location":"[post_call:85] fyersModel","message":{"API":"/orders/sync","Error":{"code":-50,"message":"Invalid symbol provided","s":"error"}},"timestamp":"2024-06-26 11:57:38,723+0530","service":"FyersAPI"}
